0 info it worked if it ends with ok
1 verbose cli [ '/usr/local/Cellar/node/7.4.0/bin/node',
1 verbose cli   '/usr/local/bin/npm',
1 verbose cli   'run',
1 verbose cli   'server' ]
2 info using npm@4.0.5
3 info using node@v7.4.0
4 verbose run-script [ 'preserver', 'server', 'postserver' ]
5 info lifecycle wepabp@1.0.0~preserver: wepabp@1.0.0
6 silly lifecycle wepabp@1.0.0~preserver: no script for preserver, continuing
7 info lifecycle wepabp@1.0.0~server: wepabp@1.0.0
8 verbose lifecycle wepabp@1.0.0~server: unsafe-perm in lifecycle true
9 verbose lifecycle wepabp@1.0.0~server: PATH: /usr/local/lib/node_modules/npm/bin/node-gyp-bin:/Users/vlad/w/pixi-test/node_modules/.bin:/usr/local/bin:/usr/bin:/bin:/usr/sbin:/sbin
10 verbose lifecycle wepabp@1.0.0~server: CWD: /Users/vlad/w/pixi-test
11 silly lifecycle wepabp@1.0.0~server: Args: [ '-c', 'node bin/www' ]
12 silly lifecycle wepabp@1.0.0~server: Returned: code: 1  signal: null
13 info lifecycle wepabp@1.0.0~server: Failed to exec server script
14 verbose stack Error: wepabp@1.0.0 server: `node bin/www`
14 verbose stack Exit status 1
14 verbose stack     at EventEmitter.<anonymous> (/usr/local/lib/node_modules/npm/lib/utils/lifecycle.js:279:16)
14 verbose stack     at emitTwo (events.js:106:13)
14 verbose stack     at EventEmitter.emit (events.js:191:7)
14 verbose stack     at ChildProcess.<anonymous> (/usr/local/lib/node_modules/npm/lib/utils/spawn.js:40:14)
14 verbose stack     at emitTwo (events.js:106:13)
14 verbose stack     at ChildProcess.emit (events.js:191:7)
14 verbose stack     at maybeClose (internal/child_process.js:885:16)
14 verbose stack     at Process.ChildProcess._handle.onexit (internal/child_process.js:226:5)
15 verbose pkgid wepabp@1.0.0
16 verbose cwd /Users/vlad/w/pixi-test
17 error Darwin 16.4.0
18 error argv "/usr/local/Cellar/node/7.4.0/bin/node" "/usr/local/bin/npm" "run" "server"
19 error node v7.4.0
20 error npm  v4.0.5
21 error code ELIFECYCLE
22 error wepabp@1.0.0 server: `node bin/www`
22 error Exit status 1
23 error Failed at the wepabp@1.0.0 server script 'node bin/www'.
23 error Make sure you have the latest version of node.js and npm installed.
23 error If you do, this is most likely a problem with the wepabp package,
23 error not with npm itself.
23 error Tell the author that this fails on your system:
23 error     node bin/www
23 error You can get information on how to open an issue for this project with:
23 error     npm bugs wepabp
23 error Or if that isn't available, you can get their info via:
23 error     npm owner ls wepabp
23 error There is likely additional logging output above.
24 verbose exit [ 1, true ]
